<?xml version="1.0" encoding="UTF-8"?>
<testsuite name="boxtetris.entities.CuboidTest" tests="2" skipped="0" failures="0" errors="0" timestamp="2021-02-11T19:17:38" hostname="Aatu-MacBook-Pro.local" time="0.001">
  <properties/>
  <testcase name="rotateWorksTwoTimes" classname="boxtetris.entities.CuboidTest" time="0.0"/>
  <testcase name="rotateWorks" classname="boxtetris.entities.CuboidTest" time="0.0"/>
  <system-out><![CDATA[]]></system-out>
  <system-err><![CDATA[]]></system-err>
</testsuite>
