<?xml version="1.0" encoding="UTF-8"?>
<testsuite name="boxtetris.entities.CuboidTest" tests="2" skipped="0" failures="0" errors="0" timestamp="2021-02-14T10:43:46" hostname="Aatu-MBP.home" time="0.001">
  <properties/>
  <testcase name="rotateWorksTwoTimes" classname="boxtetris.entities.CuboidTest" time="0.001"/>
  <testcase name="rotateWorks" classname="boxtetris.entities.CuboidTest" time="0.0"/>
  <system-out><![CDATA[]]></system-out>
  <system-err><![CDATA[]]></system-err>
</testsuite>
