<?xml version="1.0" encoding="UTF-8"?>
<testsuite name="boxtetris.algorithms.LayerBuildingTest" tests="5" skipped="0" failures="0" errors="0" timestamp="2021-02-11T19:17:38" hostname="Aatu-MacBook-Pro.local" time="0.005">
  <properties/>
  <testcase name="oneCuboidOneDemand" classname="boxtetris.algorithms.LayerBuildingTest" time="0.003"/>
  <testcase name="oneCuboidtwoDemand" classname="boxtetris.algorithms.LayerBuildingTest" time="0.0"/>
  <testcase name="correctHeight" classname="boxtetris.algorithms.LayerBuildingTest" time="0.0"/>
  <testcase name="noCuboidsNoLayers" classname="boxtetris.algorithms.LayerBuildingTest" time="0.0"/>
  <testcase name="twoCuboidtwoDemand" classname="boxtetris.algorithms.LayerBuildingTest" time="0.001"/>
  <system-out><![CDATA[]]></system-out>
  <system-err><![CDATA[]]></system-err>
</testsuite>
