<?xml version="1.0" encoding="UTF-8"?>
<testsuite name="boxtetris.algorithms.LayerBuildingTest" tests="5" skipped="0" failures="0" errors="0" timestamp="2021-02-14T10:43:46" hostname="Aatu-MBP.home" time="0.003">
  <properties/>
  <testcase name="oneCuboidOneDemand" classname="boxtetris.algorithms.LayerBuildingTest" time="0.002"/>
  <testcase name="oneCuboidtwoDemand" classname="boxtetris.algorithms.LayerBuildingTest" time="0.0"/>
  <testcase name="correctHeight" classname="boxtetris.algorithms.LayerBuildingTest" time="0.0"/>
  <testcase name="noCuboidsNoLayers" classname="boxtetris.algorithms.LayerBuildingTest" time="0.0"/>
  <testcase name="twoCuboidtwoDemand" classname="boxtetris.algorithms.LayerBuildingTest" time="0.0"/>
  <system-out><![CDATA[]]></system-out>
  <system-err><![CDATA[]]></system-err>
</testsuite>
