<?xml version="1.0" encoding="UTF-8"?>
<testsuite name="boxtetris.collections.MyCollectionsTest" tests="3" skipped="0" failures="0" errors="0" timestamp="2021-02-17T16:50:35" hostname="Aatu-MacBook-Pro.local" time="0.002">
  <properties/>
  <testcase name="freeSpacesAllVariables" classname="boxtetris.collections.MyCollectionsTest" time="0.001"/>
  <testcase name="freeSpacesLarge" classname="boxtetris.collections.MyCollectionsTest" time="0.001"/>
  <testcase name="freeSpacesSmall" classname="boxtetris.collections.MyCollectionsTest" time="0.0"/>
  <system-out><![CDATA[]]></system-out>
  <system-err><![CDATA[]]></system-err>
</testsuite>
