<?xml version="1.0" encoding="UTF-8"?>
<testsuite name="boxtetris.comparators.DimensionComparatorOneTest" tests="5" skipped="0" failures="0" errors="0" timestamp="2021-02-14T10:43:46" hostname="Aatu-MBP.home" time="0.001">
  <properties/>
  <testcase name="secondIsTaller" classname="boxtetris.comparators.DimensionComparatorOneTest" time="0.0"/>
  <testcase name="sameHeightSameWidthFirstIsShorter" classname="boxtetris.comparators.DimensionComparatorOneTest" time="0.0"/>
  <testcase name="sameHeightFirstIsWider" classname="boxtetris.comparators.DimensionComparatorOneTest" time="0.001"/>
  <testcase name="sameHeightSameWidthFirstIsLonger" classname="boxtetris.comparators.DimensionComparatorOneTest" time="0.0"/>
  <testcase name="firstIsTaller" classname="boxtetris.comparators.DimensionComparatorOneTest" time="0.0"/>
  <system-out><![CDATA[]]></system-out>
  <system-err><![CDATA[]]></system-err>
</testsuite>
