<?xml version="1.0" encoding="UTF-8"?>
<testsuite name="boxtetris.algorithms.FreeSpaceHandlerTest" tests="3" skipped="0" failures="0" errors="0" timestamp="2021-02-14T10:43:46" hostname="Aatu-MBP.home" time="0.002">
  <properties/>
  <testcase name="firstSpaceIsCorrect" classname="boxtetris.algorithms.FreeSpaceHandlerTest" time="0.002"/>
  <testcase name="nOfSpacesIsCorrect" classname="boxtetris.algorithms.FreeSpaceHandlerTest" time="0.0"/>
  <testcase name="firstFreeSpaceOnFloor" classname="boxtetris.algorithms.FreeSpaceHandlerTest" time="0.0"/>
  <system-out><![CDATA[]]></system-out>
  <system-err><![CDATA[]]></system-err>
</testsuite>
